<?xml version="1.0" encoding="UTF-8"?>
<!-- Generated by org.testng.reporters.JUnitXMLReporter -->
<testsuite ignored="0" hostname="DESKTOP-1CCS179" failures="3" tests="3" name="Test" time="23.26" errors="0" timestamp="2024-01-04T08:12:40 IST">
  <testcase classname="com.sauceDemo.testLayer.LoginpageTest" name="verifyLoginTest" time="0.227">
    <failure type="java.lang.AssertionError" message="expected [https://www.saucedemo.com/inventory.html] but found [https://www.saucedemo.com/]">
      <![CDATA[java.lang.AssertionError: expected [https://www.saucedemo.com/inventory.html] but found [https://www.saucedemo.com/]
at com.sauceDemo.testLayer.LoginpageTest.verifyLoginTest(LoginpageTest.java:21)
at java.base/java.util.ArrayList.forEach(ArrayList.java:1511)
... Removed 33 stack frames]]>
    </failure>
  </testcase> <!-- verifyLoginTest -->
  <testcase classname="com.sauceDemo.testLayer.FilterTest" name="filterTest" time="13.463">
    <failure type="org.openqa.selenium.NoSuchElementException" message="Cannot locate option with text: Price (low to h)
For documentation on this error, please visit: https://www.selenium.dev/documentation/webdriver/troubleshooting/errors#no-such-element-exception
Build info: version: &amp;apos;4.16.1&amp;apos;, revision: &amp;apos;9b4c83354e&amp;apos;
System info: os.name: &amp;apos;Windows 10&amp;apos;, os.arch: &amp;apos;amd64&amp;apos;, os.version: &amp;apos;10.0&amp;apos;, java.version: &amp;apos;17&amp;apos;
Driver info: driver.version: unknown">
      <![CDATA[org.openqa.selenium.NoSuchElementException: Cannot locate option with text: Price (low to h)
For documentation on this error, please visit: https://www.selenium.dev/documentation/webdriver/troubleshooting/errors#no-such-element-exception
Build info: version: '4.16.1', revision: '9b4c83354e'
System info: os.name: 'Windows 10', os.arch: 'amd64', os.version: '10.0', java.version: '17'
Driver info: driver.version: unknown
at org.openqa.selenium.support.ui.Select.selectByVisibleText(Select.java:153)
at com.sauceDemo.utility.CommonUtils.handleDropdownByVisibleText(CommonUtils.java:23)
at com.sauceDemo.pageLayer.Inventorypage.selectOptionFromDropdown(Inventorypage.java:51)
at com.sauceDemo.testLayer.FilterTest.filterTest(FilterTest.java:21)
at java.base/java.util.ArrayList.forEach(ArrayList.java:1511)
... Removed 27 stack frames]]>
    </failure>
  </testcase> <!-- filterTest -->
  <testcase classname="com.sauceDemo.testLayer.BuyTest" name="buyProductTest" time="0.936">
    <failure type="java.lang.AssertionError" message="expected [Thank you for your] but found [Thank you for your order!]">
      <![CDATA[java.lang.AssertionError: expected [Thank you for your] but found [Thank you for your order!]
at com.sauceDemo.testLayer.BuyTest.buyProductTest(BuyTest.java:36)
at java.base/java.util.ArrayList.forEach(ArrayList.java:1511)
... Removed 33 stack frames]]>
    </failure>
  </testcase> <!-- buyProductTest -->
</testsuite> <!-- Test -->
